0 verbose cli /usr/local/bin/node /usr/local/bin/npm
1 info using npm@10.9.3
2 info using node@v18.20.8
3 silly config load:file:/usr/local/lib/node_modules/npm/npmrc
4 silly config load:file:/home/container/.npmrc
5 silly config load:file:/usr/local/etc/npmrc
6 verbose title npm install express axios
7 verbose argv "install" "express" "axios"
8 verbose logfile logs-max:10 dir:/home/container/.npm/_logs/2025-09-14T06_42_56_810Z-
9 verbose logfile /home/container/.npm/_logs/2025-09-14T06_42_56_810Z-debug-0.log
10 silly logfile done cleaning log files
11 silly packumentCache heap:4345298944 maxSize:1086324736 maxEntrySize:543162368
12 silly idealTree buildDeps
13 silly fetch manifest axios@^1.11.0
14 silly packumentCache full:https://registry.npmjs.org/axios cache-miss
15 http fetch GET 200 https://registry.npmjs.org/axios 285ms (cache updated)
16 silly packumentCache full:https://registry.npmjs.org/axios set size:undefined disposed:false
17 silly fetch manifest express@^5.1.0
18 silly packumentCache full:https://registry.npmjs.org/express cache-miss
19 http fetch GET 200 https://registry.npmjs.org/express 76ms (cache updated)
20 silly packumentCache full:https://registry.npmjs.org/express set size:undefined disposed:false
21 silly placeDep ROOT axios@1.12.1 REPLACE for:  want: ^1.11.0
22 silly placeDep ROOT express@5.1.0 REPLACE for:  want: ^5.1.0
23 silly reify mark retired [ '/home/container/node_modules/axios' ]
24 silly reify moves {
24 silly reify   '/home/container/node_modules/axios': '/home/container/node_modules/.axios-uoh4i5Su'
24 silly reify }
25 silly audit bulk request {
25 silly audit   accepts: [ '2.0.0' ],
25 silly audit   asynckit: [ '0.4.0' ],
25 silly audit   'body-parser': [ '2.2.0' ],
25 silly audit   bytes: [ '3.1.2' ],
25 silly audit   'call-bind-apply-helpers': [ '1.0.2' ],
25 silly audit   'call-bound': [ '1.0.4' ],
25 silly audit   'combined-stream': [ '1.0.8' ],
25 silly audit   'content-disposition': [ '1.0.0' ],
25 silly audit   'content-type': [ '1.0.5' ],
25 silly audit   cookie: [ '0.7.2' ],
25 silly audit   'cookie-signature': [ '1.2.2' ],
25 silly audit   debug: [ '4.4.1' ],
25 silly audit   'delayed-stream': [ '1.0.0' ],
25 silly audit   depd: [ '2.0.0' ],
25 silly audit   'dunder-proto': [ '1.0.1' ],
25 silly audit   'ee-first': [ '1.1.1' ],
25 silly audit   encodeurl: [ '2.0.0' ],
25 silly audit   'es-define-property': [ '1.0.1' ],
25 silly audit   'es-errors': [ '1.3.0' ],
25 silly audit   'es-object-atoms': [ '1.1.1' ],
25 silly audit   'es-set-tostringtag': [ '2.1.0' ],
25 silly audit   'escape-html': [ '1.0.3' ],
25 silly audit   etag: [ '1.8.1' ],
25 silly audit   finalhandler: [ '2.1.0' ],
25 silly audit   'follow-redirects': [ '1.15.11' ],
25 silly audit   'form-data': [ '4.0.4' ],
25 silly audit   'mime-db': [ '1.52.0', '1.54.0' ],
25 silly audit   'mime-types': [ '2.1.35', '3.0.1' ],
25 silly audit   forwarded: [ '0.2.0' ],
25 silly audit   fresh: [ '2.0.0' ],
25 silly audit   'function-bind': [ '1.1.2' ],
25 silly audit   'get-intrinsic': [ '1.3.0' ],
25 silly audit   'get-proto': [ '1.0.1' ],
25 silly audit   gopd: [ '1.2.0' ],
25 silly audit   'has-symbols': [ '1.1.0' ],
25 silly audit   'has-tostringtag': [ '1.0.2' ],
25 silly audit   hasown: [ '2.0.2' ],
25 silly audit   'http-errors': [ '2.0.0' ],
25 silly audit   statuses: [ '2.0.1', '2.0.2' ],
25 silly audit   'iconv-lite': [ '0.6.3', '0.7.0' ],
25 silly audit   inherits: [ '2.0.4' ],
25 silly audit   'ipaddr.js': [ '1.9.1' ],
25 silly audit   'is-promise': [ '4.0.0' ],
25 silly audit   'math-intrinsics': [ '1.1.0' ],
25 silly audit   'media-typer': [ '1.1.0' ],
25 silly audit   'merge-descriptors': [ '2.0.0' ],
25 silly audit   ms: [ '2.1.3' ],
25 silly audit   negotiator: [ '1.0.0' ],
25 silly audit   'object-inspect': [ '1.13.4' ],
25 silly audit   'on-finished': [ '2.4.1' ],
25 silly audit   once: [ '1.4.0' ],
25 silly audit   parseurl: [ '1.3.3' ],
25 silly audit   'path-to-regexp': [ '8.3.0' ],
25 silly audit   'proxy-addr': [ '2.0.7' ],
25 silly audit   'proxy-from-env': [ '1.1.0' ],
25 silly audit   qs: [ '6.14.0' ],
25 silly audit   'range-parser': [ '1.2.1' ],
25 silly audit   'raw-body': [ '3.0.1' ],
25 silly audit   router: [ '2.2.0' ],
25 silly audit   'safe-buffer': [ '5.2.1' ],
25 silly audit   'safer-buffer': [ '2.1.2' ],
25 silly audit   send: [ '1.2.0' ],
25 silly audit   'serve-static': [ '2.2.0' ],
25 silly audit   setprototypeof: [ '1.2.0' ],
25 silly audit   'side-channel': [ '1.1.0' ],
25 silly audit   'side-channel-list': [ '1.0.0' ],
25 silly audit   'side-channel-map': [ '1.0.1' ],
25 silly audit   'side-channel-weakmap': [ '1.0.2' ],
25 silly audit   toidentifier: [ '1.0.1' ],
25 silly audit   'type-is': [ '2.0.1' ],
25 silly audit   unpipe: [ '1.0.0' ],
25 silly audit   vary: [ '1.1.2' ],
25 silly audit   wrappy: [ '1.0.2' ],
25 silly audit   axios: [ '1.12.1' ],
25 silly audit   express: [ '5.1.0' ]
25 silly audit }
26 http cache axios@https://registry.npmjs.org/axios/-/axios-1.12.1.tgz 1ms (cache hit)
27 silly tarball no local data for axios@https://registry.npmjs.org/axios/-/axios-1.12.1.tgz. Extracting by manifest.
28 http fetch POST 200 https://registry.npmjs.org/-/npm/v1/security/advisories/bulk 233ms
29 silly audit report {}
30 http fetch GET 200 https://registry.npmjs.org/axios/-/axios-1.12.1.tgz 259ms (cache miss)
31 silly CHANGE node_modules/axios
32 verbose cwd /home/container
33 verbose os Linux 6.8.0-78-generic
34 verbose node v18.20.8
35 verbose npm  v10.9.3
36 verbose exit 0
37 info ok
